[    0.000000] Initializing cgroup subsys cpuset
[    0.000000] Initializing cgroup subsys cpu
[    0.000000] Initializing cgroup subsys cpuacct
[    0.000000] Linux version 4.4.0-96-generic (buildd@lgw01-10) (gcc version 5.4.0 20160609 (Ubuntu 5.4.0-6ubuntu1~16.04.4) ) #119-Ubuntu SMP Tue Sep 12 14:59:54 UTC 2017 (Ubuntu 4.4.0-96.119-generic 4.4.83)
[    0.000000] Command line: BOOT_IMAGE=/boot/vmlinuz-4.4.0-96-generic root=LABEL=cloudimg-rootfs ro console=tty1 console=ttyS0
[    0.000000] KERNEL supported cpus:
[    0.000000]   Intel GenuineIntel
[    0.000000]   AMD AuthenticAMD
[    0.000000]   Centaur CentaurHauls
[    0.000000] x86/fpu: xstate_offset[2]:  576, xstate_sizes[2]:  256
[    0.000000] x86/fpu: Supporting XSAVE feature 0x01: 'x87 floating point registers'
[    0.000000] x86/fpu: Supporting XSAVE feature 0x02: 'SSE registers'
[    0.000000] x86/fpu: Supporting XSAVE feature 0x04: 'AVX registers'
[    0.000000] x86/fpu: Enabled xstate features 0x7, context size is 832 bytes, using 'standard' format.
[    0.000000] x86/fpu: Using 'lazy' FPU context switches.
[    0.000000] e820: BIOS-provided physical RAM map:
[    0.000000] BIOS-e820: [mem 0x0000000000000000-0x000000000009fbff] usable
[    0.000000] BIOS-e820: [mem 0x000000000009fc00-0x000000000009ffff] reserved
[    0.000000] BIOS-e820: [mem 0x00000000000f0000-0x00000000000fffff] reserved
[    0.000000] BIOS-e820: [mem 0x0000000000100000-0x000000003ffeffff] usable
[    0.000000] BIOS-e820: [mem 0x000000003fff0000-0x000000003fffffff] ACPI data
[    0.000000] BIOS-e820: [mem 0x00000000fec00000-0x00000000fec00fff] reserved
[    0.000000] BIOS-e820: [mem 0x00000000fee00000-0x00000000fee00fff] reserved
[    0.000000] BIOS-e820: [mem 0x00000000fffc0000-0x00000000ffffffff] reserved
[    0.000000] NX (Execute Disable) protection: active
[    0.000000] SMBIOS 2.5 present.
[    0.000000] Hypervisor detected: KVM
[    0.000000] e820: last_pfn = 0x3fff0 max_arch_pfn = 0x400000000
[    0.000000] MTRR: Disabled
[    0.000000] x86/PAT: MTRRs disabled, skipping PAT initialization too.
[    0.000000] CPU MTRRs all blank - virtualized system.
[    0.000000] x86/PAT: Configuration [0-7]: WB  WT  UC- UC  WB  WT  UC- UC  
[    0.000000] found SMP MP-table at [mem 0x0009fff0-0x0009ffff] mapped at [ffff88000009fff0]
[    0.000000] Scanning 1 areas for low memory corruption
[    0.000000] RAMDISK: [mem 0x36234000-0x37111fff]
[    0.000000] ACPI: Early table checksum verification disabled
[    0.000000] ACPI: RSDP 0x00000000000E0000 000024 (v02 VBOX  )
[    0.000000] ACPI: XSDT 0x000000003FFF0030 00003C (v01 VBOX   VBOXXSDT 00000001 ASL  00000061)
[    0.000000] ACPI: FACP 0x000000003FFF00F0 0000F4 (v04 VBOX   VBOXFACP 00000001 ASL  00000061)
[    0.000000] ACPI: DSDT 0x000000003FFF0470 0021FF (v02 VBOX   VBOXBIOS 00000002 INTL 20100528)
[    0.000000] ACPI: FACS 0x000000003FFF0200 000040
[    0.000000] ACPI: FACS 0x000000003FFF0200 000040
[    0.000000] ACPI: APIC 0x000000003FFF0240 00005C (v02 VBOX   VBOXAPIC 00000001 ASL  00000061)
[    0.000000] ACPI: SSDT 0x000000003FFF02A0 0001CC (v01 VBOX   VBOXCPUT 00000002 INTL 20100528)
[    0.000000] No NUMA configuration found
[    0.000000] Faking a node at [mem 0x0000000000000000-0x000000003ffeffff]
[    0.000000] NODE_DATA(0) allocated [mem 0x3ffeb000-0x3ffeffff]
[    0.000000] kvm-clock: Using msrs 4b564d01 and 4b564d00
[    0.000000] kvm-clock: cpu 0, msr 0:3ffe3001, primary cpu clock
[    0.000000] kvm-clock: using sched offset of 4196193016 cycles
[    0.000000] clocksource: kvm-clock: mask: 0xffffffffffffffff max_cycles: 0x1cd42e4dffb, max_idle_ns: 881590591483 ns
[    0.000000] Zone ranges:
[    0.000000]   DMA      [mem 0x0000000000001000-0x0000000000ffffff]
[    0.000000]   DMA32    [mem 0x0000000001000000-0x000000003ffeffff]
[    0.000000]   Normal   empty
[    0.000000]   Device   empty
[    0.000000] Movable zone start for each node
[    0.000000] Early memory node ranges
[    0.000000]   node   0: [mem 0x0000000000001000-0x000000000009efff]
[    0.000000]   node   0: [mem 0x0000000000100000-0x000000003ffeffff]
[    0.000000] Initmem setup node 0 [mem 0x0000000000001000-0x000000003ffeffff]
[    0.000000] ACPI: PM-Timer IO Port: 0x4008
[    0.000000] IOAPIC[0]: apic_id 2, version 32, address 0xfec00000, GSI 0-23
[    0.000000] ACPI: INT_SRC_OVR (bus 0 bus_irq 0 global_irq 2 dfl dfl)
[    0.000000] ACPI: INT_SRC_OVR (bus 0 bus_irq 9 global_irq 9 high level)
[    0.000000] Using ACPI (MADT) for SMP configuration information
[    0.000000] smpboot: Allowing 2 CPUs, 0 hotplug CPUs
[    0.000000] PM: Registered nosave memory: [mem 0x00000000-0x00000fff]
[    0.000000] PM: Registered nosave memory: [mem 0x0009f000-0x0009ffff]
[    0.000000] PM: Registered nosave memory: [mem 0x000a0000-0x000effff]
[    0.000000] PM: Registered nosave memory: [mem 0x000f0000-0x000fffff]
[    0.000000] e820: [mem 0x40000000-0xfebfffff] available for PCI devices
[    0.000000] Booting paravirtualized kernel on KVM
[    0.000000] clocksource: refined-jiffies: mask: 0xffffffff max_cycles: 0xffffffff, max_idle_ns: 7645519600211568 ns
[    0.000000] setup_percpu: NR_CPUS:512 nr_cpumask_bits:512 nr_cpu_ids:2 nr_node_ids:1
[    0.000000] PERCPU: Embedded 34 pages/cpu @ffff88003fc00000 s98328 r8192 d32744 u1048576
[    0.000000] PV qspinlock hash table entries: 256 (order: 0, 4096 bytes)
[    0.000000] Built 1 zonelists in Node order, mobility grouping on.  Total pages: 257913
[    0.000000] Policy zone: DMA32
[    0.000000] Kernel command line: BOOT_IMAGE=/boot/vmlinuz-4.4.0-96-generic root=LABEL=cloudimg-rootfs ro console=tty1 console=ttyS0
[    0.000000] PID hash table entries: 4096 (order: 3, 32768 bytes)
[    0.000000] Memory: 997340K/1048120K available (8479K kernel code, 1294K rwdata, 3984K rodata, 1492K init, 1316K bss, 50780K reserved, 0K cma-reserved)
[    0.000000] SLUB: HWalign=64, Order=0-3, MinObjects=0, CPUs=2, Nodes=1
[    0.000000] Hierarchical RCU implementation.
[    0.000000] 	Build-time adjustment of leaf fanout to 64.
[    0.000000] 	RCU restricting CPUs from NR_CPUS=512 to nr_cpu_ids=2.
[    0.000000] RCU: Adjusting geometry for rcu_fanout_leaf=64, nr_cpu_ids=2
[    0.000000] NR_IRQS:33024 nr_irqs:440 16
[    0.000000] Console: colour VGA+ 80x25
[    0.000000] console [tty1] enabled
[    0.000000] console [ttyS0] enabled
[    0.000000] tsc: Detected 2904.000 MHz processor
[   16.239527] Calibrating delay loop (skipped) preset value.. 5808.00 BogoMIPS (lpj=11616000)
[   16.447234] pid_max: default: 32768 minimum: 301
[   16.559702] ACPI: Core revision 20150930
[   16.669707] ACPI: 2 ACPI AML tables successfully acquired and loaded
[   16.810072] Security Framework initialized
[   16.923974] Yama: becoming mindful.
[   17.022098] AppArmor: AppArmor initialized
[   17.144618] Dentry cache hash table entries: 131072 (order: 8, 1048576 bytes)
[   17.346037] Inode-cache hash table entries: 65536 (order: 7, 524288 bytes)
[   17.548848] Mount-cache hash table entries: 2048 (order: 2, 16384 bytes)
[   17.745231] Mountpoint-cache hash table entries: 2048 (order: 2, 16384 bytes)
[   17.911201] Initializing cgroup subsys io
[   18.022066] Initializing cgroup subsys memory
[   18.147645] Initializing cgroup subsys devices
[   18.257359] Initializing cgroup subsys freezer
[   18.363899] Initializing cgroup subsys net_cls
[   18.492196] Initializing cgroup subsys perf_event
[   18.620690] Initializing cgroup subsys net_prio
[   18.755505] Initializing cgroup subsys hugetlb
[   18.882268] Initializing cgroup subsys pids
[   18.958541] CPU: Physical Processor ID: 0
[   19.060436] CPU: Processor Core ID: 0
[   19.169382] mce: CPU supports 0 MCE banks
[   19.282050] Last level iTLB entries: 4KB 64, 2MB 8, 4MB 8
[   19.428542] Last level dTLB entries: 4KB 64, 2MB 0, 4MB 0, 1GB 4
[   19.600179] Freeing SMP alternatives memory: 32K
[   19.742025] ftrace: allocating 32146 entries in 126 pages
[   19.922174] smpboot: APIC(0) Converting physical 0 to logical package 0
[   20.056312] smpboot: Max logical packages: 1
[   20.187849] x2apic enabled
[   20.268363] Switched APIC routing to physical x2apic.
[   20.423110] ..TIMER: vector=0x30 apic1=0 pin1=2 apic2=-1 pin2=-1
[   20.702608] smpboot: CPU0: Intel(R) Core(TM) i7-6920HQ CPU @ 2.90GHz (family: 0x6, model: 0x5e, stepping: 0x3)
[   20.984054] Performance Events: unsupported p6 CPU model 94 no PMU driver, software events only.
[   21.187023] KVM setup paravirtual spinlock
[   21.310156] x86: Booting SMP configuration:
[   21.433916] .... node  #0, CPUs:      #1
[   21.538613] kvm-clock: cpu 1, msr 0:3ffe3041, secondary cpu clock
[   21.717663] mce: CPU supports 0 MCE banks
[   21.810811] x86: Booted up 1 node, 2 CPUs
[   21.923159] smpboot: Total of 2 processors activated (11616.00 BogoMIPS)
[   22.124768] devtmpfs: initialized
[   22.180981] evm: security.selinux
[   22.239006] evm: security.SMACK64
[   22.334090] evm: security.SMACK64EXEC
[   22.444238] evm: security.SMACK64TRANSMUTE
[   22.555779] evm: security.SMACK64MMAP
[   22.657356] evm: security.ima
[   22.742089] evm: security.capability
[   22.847838] clocksource: jiffies: mask: 0xffffffff max_cycles: 0xffffffff, max_idle_ns: 7645041785100000 ns
[   23.127933] futex hash table entries: 512 (order: 3, 32768 bytes)
[   23.280098] pinctrl core: initialized pinctrl subsystem
[   23.393062] RTC time: 21:51:52, date: 09/27/17
[   23.505990] NET: Registered protocol family 16
[   23.652032] cpuidle: using governor ladder
[   23.776537] cpuidle: using governor menu
[   23.875760] PCCT header not found.
[   23.975795] ACPI: bus type PCI registered
[   24.079549] acpiphp: ACPI Hot Plug PCI Controller Driver version: 0.5
[   24.227588] PCI: Using configuration type 1 for base access
[   24.383967] ACPI: Added _OSI(Module Device)
[   24.505167] ACPI: Added _OSI(Processor Device)
[   24.622125] ACPI: Added _OSI(3.0 _SCP Extensions)
[   24.728836] ACPI: Added _OSI(Processor Aggregator Device)
[   24.862424] ACPI: Executed 1 blocks of module-level executable AML code
[   25.050517] ACPI: Interpreter enabled
[   25.141654] ACPI: (supports S0 S5)
[   25.236984] ACPI: Using IOAPIC for interrupt routing
[   25.366429] PCI: Using host bridge windows from ACPI; if necessary, use "pci=nocrs" and report a bug
[   25.603472] ACPI: PCI Root Bridge [PCI0] (domain 0000 [bus 00-ff])
[   25.786124] acpi PNP0A03:00: _OSC: OS supports [ASPM ClockPM Segments MSI]
[   25.976660] acpi PNP0A03:00: _OSC: not requesting OS control; OS requires [ExtendedConfig ASPM ClockPM MSI]
[   26.236411] acpi PNP0A03:00: fail to add MMCONFIG information, can't access extended PCI configuration space under this bridge.
[   26.504050] PCI host bridge to bus 0000:00
[   26.574775] pci_bus 0000:00: root bus resource [io  0x0000-0x0cf7 window]
[   26.740910] pci_bus 0000:00: root bus resource [io  0x0d00-0xffff window]
[   26.933387] pci_bus 0000:00: root bus resource [mem 0x000a0000-0x000bffff window]
[   27.135433] pci_bus 0000:00: root bus resource [mem 0x40000000-0xffdfffff window]
[   27.340488] pci_bus 0000:00: root bus resource [bus 00-ff]
[   27.501975] pci 0000:00:01.1: legacy IDE quirk: reg 0x10: [io  0x01f0-0x01f7]
[   27.667803] pci 0000:00:01.1: legacy IDE quirk: reg 0x14: [io  0x03f6]
[   27.822454] pci 0000:00:01.1: legacy IDE quirk: reg 0x18: [io  0x0170-0x0177]
[   28.011172] pci 0000:00:01.1: legacy IDE quirk: reg 0x1c: [io  0x0376]
[   28.197127] pci 0000:00:07.0: quirk: [io  0x4000-0x403f] claimed by PIIX4 ACPI
[   28.414358] pci 0000:00:07.0: quirk: [io  0x4100-0x410f] claimed by PIIX4 SMB
[   28.628819] ACPI: PCI Interrupt Link [LNKA] (IRQs 5 9 10 *11)
[   28.765423] ACPI: PCI Interrupt Link [LNKB] (IRQs 5 9 10 *11)
[   28.880603] ACPI: PCI Interrupt Link [LNKC] (IRQs 5 9 *10 11)
[   29.009249] ACPI: PCI Interrupt Link [LNKD] (IRQs 5 *9 10 11)
[   29.150293] ACPI: Enabled 2 GPEs in block 00 to 07
[   29.275749] vgaarb: setting as boot device: PCI:0000:00:02.0
[   29.428042] vgaarb: device added: PCI:0000:00:02.0,decodes=io+mem,owns=io+mem,locks=none
[   29.659460] vgaarb: loaded
[   29.734877] vgaarb: bridge control possible 0000:00:02.0
[   29.890713] SCSI subsystem initialized
[   30.007578] ACPI: bus type USB registered
[   30.116476] usbcore: registered new interface driver usbfs
[   30.262166] usbcore: registered new interface driver hub
[   30.411290] usbcore: registered new device driver usb
[   30.412554] PCI: Using ACPI for IRQ routing
[   30.413740] NetLabel: Initializing
[   30.505118] NetLabel:  domain hash size = 128
[   30.610491] NetLabel:  protocols = UNLABELED CIPSOv4
[   30.758814] NetLabel:  unlabeled traffic allowed by default
[   30.894648] amd_nb: Cannot enumerate AMD northbridges
[   30.982411] clocksource: Switched to clocksource kvm-clock
[   31.149910] AppArmor: AppArmor Filesystem Enabled
[   31.285042] pnp: PnP ACPI init
[   31.383214] pnp: PnP ACPI: found 3 devices
[   31.507235] clocksource: acpi_pm: mask: 0xffffff max_cycles: 0xffffff, max_idle_ns: 2085701024 ns
[   31.754743] NET: Registered protocol family 2
[   31.886465] TCP established hash table entries: 8192 (order: 4, 65536 bytes)
[   32.081098] TCP bind hash table entries: 8192 (order: 5, 131072 bytes)
[   32.272639] TCP: Hash tables configured (established 8192 bind 8192)
[   32.466861] UDP hash table entries: 512 (order: 2, 16384 bytes)
[   32.631917] UDP-Lite hash table entries: 512 (order: 2, 16384 bytes)
[   32.825346] NET: Registered protocol family 1
[   32.959595] pci 0000:00:00.0: Limiting direct PCI/PCI transfers
[   33.135788] pci 0000:00:01.0: Activating ISA DMA hang workarounds
[   33.321501] Unpacking initramfs...
[   33.670462] Freeing initrd memory: 15224K
[   33.793193] platform rtc_cmos: registered platform RTC device (no PNP device found)
[   34.007287] Scanning for low memory corruption every 60 seconds
[   34.183011] audit: initializing netlink subsys (disabled)
[   34.305046] audit: type=2000 audit(1506549099.471:1): initialized
[   34.456539] Initialise system trusted keyring
[   34.591358] HugeTLB registered 2 MB page size, pre-allocated 0 pages
[   34.718083] zbud: loaded
[   34.789187] VFS: Disk quotas dquot_6.6.0
[   34.905903] tsc: Refined TSC clocksource calibration: 2902.894 MHz
[   35.101709] clocksource: tsc: mask: 0xffffffffffffffff max_cycles: 0x29d7f135e58, max_idle_ns: 440795308666 ns
[   35.101823] VFS: Dquot-cache hash table entries: 512 (order 0, 4096 bytes)
[   35.102034] squashfs: version 4.0 (2009/01/31) Phillip Lougher
[   35.102220] fuse init (API version 7.23)
[   35.102310] Key type big_key registered
[   35.102327] Allocating IMA MOK and blacklist keyrings.
[   35.102516] Key type asymmetric registered
[   35.102521] Asymmetric key parser 'x509' registered
[   35.102548] Block layer SCSI generic (bsg) driver version 0.4 loaded (major 249)
[   35.102570] io scheduler noop registered
[   35.102572] io scheduler deadline registered (default)
[   35.102593] io scheduler cfq registered
[   35.102666] pci_hotplug: PCI Hot Plug PCI Core version: 0.5
[   35.102670] pciehp: PCI Express Hot Plug Controller Driver version: 0.4
[   35.102964] ACPI: AC Adapter [AC] (on-line)
[   35.103026] input: Power Button as /devices/LNXSYSTM:00/LNXPWRBN:00/input/input0
[   35.103029] ACPI: Power Button [PWRF]
[   35.103101] input: Sleep Button as /devices/LNXSYSTM:00/LNXSLPBN:00/input/input1
[   35.103102] ACPI: Sleep Button [SLPF]
[   35.103219] GHES: HEST is not enabled!
[   35.104048] ACPI: Battery Slot [BAT0] (battery present)
[   35.104081] Serial: 8250/16550 driver, 32 ports, IRQ sharing enabled
[   35.409349] 00:02: ttyS0 at I/O 0x3f8 (irq = 4, base_baud = 115200) is a 16550A
[   35.623855] Linux agpgart interface v0.103
[   35.826229] loop: module loaded
[   35.826675] scsi host0: ata_piix
[   35.826718] scsi host1: ata_piix
[   35.826741] ata1: PATA max UDMA/33 cmd 0x1f0 ctl 0x3f6 bmdma 0xd000 irq 14
[   35.826742] ata2: PATA max UDMA/33 cmd 0x170 ctl 0x376 bmdma 0xd008 irq 15
[   35.826799] libphy: Fixed MDIO Bus: probed
[   35.826801] tun: Universal TUN/TAP device driver, 1.6
[   35.826802] tun: (C) 1999-2004 Max Krasnyansky <maxk@qualcomm.com>
[   35.827121] PPP generic driver version 2.4.2
[   35.827165] ehci_hcd: USB 2.0 'Enhanced' Host Controller (EHCI) Driver
[   35.827168] ehci-pci: EHCI PCI platform driver
[   35.827180] ehci-platform: EHCI generic platform driver
[   35.827187] ohci_hcd: USB 1.1 'Open' Host Controller (OHCI) Driver
[   35.827189] ohci-pci: OHCI PCI platform driver
[   35.827196] ohci-platform: OHCI generic platform driver
[   35.827202] uhci_hcd: USB Universal Host Controller Interface driver
[   35.827246] i8042: PNP: PS/2 Controller [PNP0303:PS2K,PNP0f03:PS2M] at 0x60,0x64 irq 1,12
[   35.948215] serio: i8042 KBD port at 0x60,0x64 irq 1
[   35.948220] serio: i8042 AUX port at 0x60,0x64 irq 12
[   35.948298] mousedev: PS/2 mouse device common for all mice
[   35.948830] rtc_cmos rtc_cmos: rtc core: registered rtc_cmos as rtc0
[   35.948874] rtc_cmos rtc_cmos: alarms up to one day, 114 bytes nvram
[   35.948879] i2c /dev entries driver
[   35.948925] device-mapper: uevent: version 1.0.3
[   35.948968] device-mapper: ioctl: 4.34.0-ioctl (2015-10-28) initialised: dm-devel@redhat.com
[   35.948980] ledtrig-cpu: registered to indicate activity on CPUs
[   35.949217] NET: Registered protocol family 10
[   35.949341] NET: Registered protocol family 17
[   35.949350] Key type dns_resolver registered
[   36.086419] microcode: CPU0 sig=0x506e3, pf=0x2, revision=0x0
[   36.086502] microcode: CPU1 sig=0x506e3, pf=0x2, revision=0x0
[   36.086556] microcode: Microcode Update Driver: v2.01 <tigran@aivazian.fsnet.co.uk>, Peter Oruba
[   36.086656] registered taskstats version 1
[   36.086669] Loading compiled-in X.509 certificates
[   36.087157] Loaded X.509 cert 'Build time autogenerated kernel key: b1a6ea8776bed2812c00d8a799f968274ef48628'
[   36.087171] zswap: loaded using pool lzo/zbud
[   36.088325] Key type trusted registered
[   36.090192] Key type encrypted registered
[   36.090196] AppArmor: AppArmor sha1 policy hashing enabled
[   36.090199] ima: No TPM chip found, activating TPM-bypass!
[   36.090212] evm: HMAC attrs: 0x1
[   36.090548]   Magic number: 1:616:905
[   36.278880] rtc_cmos rtc_cmos: setting system clock to 2017-09-27 21:52:05 UTC (1506549125)
[   36.279000] BIOS EDD facility v0.16 2004-Jun-25, 0 devices found
[   36.279000] EDD information not available.
[   36.958531] input: AT Translated Set 2 keyboard as /devices/platform/i8042/serio0/input/input2
[   45.208017] Freeing unused kernel memory: 1492K
[   45.326455] Write protecting the kernel read-only data: 14336k
[   45.494289] Freeing unused kernel memory: 1748K
[   45.611591] Freeing unused kernel memory: 112K
Loading, please [   45.767356] random: systemd-udevd: uninitialized urandom read (16 bytes read, 9 bits of entropy available)
wait...
startin[   45.767799] random: udevadm: uninitialized urandom read (16 bytes read, 9 bits of entropy available)
g version 229
[   45.767826] random: udevadm: uninitialized urandom read (16 bytes read, 9 bits of entropy available)
[   45.767909] random: udevadm: uninitialized urandom read (16 bytes read, 9 bits of entropy available)
[   45.767938] random: udevadm: uninitialized urandom read (16 bytes read, 9 bits of entropy available)
[   45.767968] random: udevadm: uninitialized urandom read (16 bytes read, 9 bits of entropy available)
[   45.767999] random: udevadm: uninitialized urandom read (16 bytes read, 9 bits of entropy available)
[   45.768027] random: udevadm: uninitialized urandom read (16 bytes read, 9 bits of entropy available)
[   45.768053] random: udevadm: uninitialized urandom read (16 bytes read, 9 bits of entropy available)
[   45.768081] random: udevadm: uninitialized urandom read (16 bytes read, 9 bits of entropy available)
[   48.311926] e1000: Intel(R) PRO/1000 Network Driver - version 7.3.21-k8-NAPI
[   48.420584] e1000: Copyright (c) 1999-2006 Intel Corporation.
[   48.491302] Fusion MPT base driver 3.04.20
[   48.613814] Copyright (c) 1999-2008 LSI Corporation
[   48.759028] input: ImExPS/2 Generic Explorer Mouse as /devices/platform/i8042/serio1/input/input5
[   48.961727] AVX version of gcm_enc/dec engaged.
[   49.100132] AES CTR mode by8 optimization enabled
[   49.250628] Fusion MPT SPI Host driver 3.04.20
[   49.331059] e1000 0000:00:03.0 eth0: (PCI:33MHz:32-bit) 02:a4:a0:f1:db:6e
[   49.331065] e1000 0000:00:03.0 eth0: Intel(R) PRO/1000 Network Connection
[   49.763866] mptbase: ioc0: Initiating bringup
[   49.764138] e1000 0000:00:03.0 enp0s3: renamed from eth0
[   50.098756] ioc0: LSI53C1030 A0: Capabilities={Initiator}
[   50.425377] scsi host2: ioc0: LSI53C1030 A0, FwRev=00000000h, Ports=1, MaxQ=256, IRQ=20
[   50.707593] scsi 2:0:0:0: Direct-Access     VBOX     HARDDISK         1.0  PQ: 0 ANSI: 5
[   50.939079] scsi target2:0:0: Beginning Domain Validation
[   51.096664] scsi target2:0:0: Domain Validation skipping write tests
[   51.289142] scsi target2:0:0: Ending Domain Validation
[   51.444847] scsi target2:0:0: asynchronous
[   51.559545] floppy0: no floppy controllers found
[   51.675560] work still pending
[   51.676181] scsi 2:0:1:0: Direct-Access     VBOX     HARDDISK         1.0  PQ: 0 ANSI: 5
[   51.676185] scsi target2:0:1: Beginning Domain Validation
[   51.677288] scsi target2:0:1: Domain Validation skipping write tests
[   51.677330] scsi target2:0:1: Ending Domain Validation
[   51.677384] scsi target2:0:1: asynchronous
[   51.893982] sd 2:0:0:0: [sda] 20971520 512-byte logical blocks: (10.7 GB/10.0 GiB)
[   51.894154] sd 2:0:0:0: [sda] Write Protect is off
[   51.894307] sd 2:0:0:0: [sda] Incomplete mode parameter data
[   51.894308] sd 2:0:0:0: [sda] Assuming drive cache: write through
[   52.018418] sd 2:0:0:0: Attached scsi generic sg0 type 0
[   52.018766] sd 2:0:1:0: Attached scsi generic sg1 type 0
[   52.019270] sd 2:0:1:0: [sdb] 20480 512-byte logical blocks: (10.5 MB/10.0 MiB)
[   52.019519] sd 2:0:1:0: [sdb] Write Protect is off
[   52.019643] sd 2:0:1:0: [sdb] Incomplete mode parameter data
[   52.019644] sd 2:0:1:0: [sdb] Assuming drive cache: write through
[   52.025394]  sda: sda1
[   52.026305] sd 2:0:0:0: [sda] Attached SCSI disk
[   52.026844] sd 2:0:1:0: [sdb] Attached SCSI disk
Begin: Loading e[   55.482560] md: linear personality registered for level -1
ssential drivers[   55.646231] md: multipath personality registered for level -4
 ... [   55.824244] md: raid0 personality registered for level 0
[   55.980089] md: raid1 personality registered for level 1
[   56.162728] raid6: sse2x1   gen()  7633 MB/s
[   56.346721] raid6: sse2x1   xor()  5481 MB/s
[   56.530795] raid6: sse2x2   gen()  9288 MB/s
[   56.706471] raid6: sse2x2   xor()  6208 MB/s
[   56.878670] raid6: sse2x4   gen()  8702 MB/s
[   57.054748] raid6: sse2x4   xor()  6946 MB/s
[   57.164613] raid6: using algorithm sse2x2 gen() 9288 MB/s
[   57.272578] raid6: .... xor() 6208 MB/s, rmw enabled
[   57.398046] raid6: using ssse3x2 recovery algorithm
[   57.531617] xor: automatically using best checksumming function:
[   57.735942]    avx       : 25474.000 MB/sec
[   57.844975] async_tx: api initialized (async)
[   57.981309] md: raid6 personality registered for level 6
[   58.128831] md: raid5 personality registered for level 5
[   58.275605] md: raid4 personality registered for level 4
[   58.384974] md: raid10 personality registered for level 10
done.
Begin: Running[   58.602747] Btrfs loaded
 /scripts/init-premount ... done.
Begin: Mounti[   58.710302] EXT4-fs (sda1): mounted filesystem with ordered data mode. Opts: (null)
ng root file system ... Begin: Running /scripts/local-top ... done.
Begin: Running /scripts/local-premount ... Scanning for Btrfs filesystems
done.
Warning: fsck not present, so skipping root file system
done.
Begin: Running /scripts/local-bottom ... done.
Begin: Running /scripts/init-bottom ... done.
[   59.204130] systemd[1]: systemd 229 running in system mode. (+PAM +AUDIT +SELINUX +IMA +APPARMOR +SMACK +SYSVINIT +UTMP +LIBCRYPTSETUP +GCRYPT +GNUTLS +ACL +XZ -LZ4 +SECCOMP +BLKID +ELFUTILS +KMOD -IDN)
[   59.683472] systemd[1]: Detected virtualization oracle.
[   59.828497] systemd[1]: Detected architecture x86-64.

Welcome to [1mUbuntu 16.04.3 LTS[0m!

[   60.019625] systemd[1]: Set hostname to <ubuntu-xenial>.
[   60.220750] random: nonblocking pool is initialized
[   60.449157] systemd[1]: Listening on LVM2 metadata daemon socket.
[[0;32m  OK  [0m] Listening on LVM2 metadata daemon socket.
[   60.623349] systemd[1]: Listening on Journal Audit Socket.
[[0;32m  OK  [0m] Listening on Journal Audit Socket.
[   60.847193] systemd[1]: Listening on Journal Socket (/dev/log).
[[0;32m  OK  [0m] Listening on Journal Socket (/dev/log).
[   61.078979] systemd[1]: Reached target Encrypted Volumes.
[[0;32m  OK  [0m] Reached target Encrypted Volumes.
[   61.303212] systemd[1]: Listening on /dev/initctl Compatibility Named Pipe.
[[0;32m  OK  [0m] Listening on /dev/initctl Compatibility Named Pipe.
[   61.583124] systemd[1]: Set up automount Arbitrary Executable File Formats File System Automount Point.
[[0;32m  OK  [0m] Set up automount Arbitrary Executab...ats File System Automount Point.
[   61.966839] systemd[1]: Listening on Journal Socket.
[[0;32m  OK  [0m] Listening on Journal Socket.
[   62.146134] systemd[1]: Listening on LVM2 poll daemon socket.
[[0;32m  OK  [0m] Listening on LVM2 poll daemon socket.
[   62.375180] systemd[1]: Listening on udev Control Socket.
[[0;32m  OK  [0m] Listening on udev Control Socket.
[   62.598846] systemd[1]: Reached target Swap.
[[0;32m  OK  [0m] Reached target Swap.
[   62.754818] systemd[1]: Listening on Syslog Socket.
[[0;32m  OK  [0m] Listening on Syslog Socket.
[   62.947327] systemd[1]: Reached target User and Group Name Lookups.
[[0;32m  OK  [0m] Reached target User and Group Name Lookups.
[   63.179319] systemd[1]: Created slice User and Session Slice.
[[0;32m  OK  [0m] Created slice User and Session Slice.
[   63.415116] systemd[1]: Started Forward Password Requests to Wall Directory Watch.
[[0;32m  OK  [0m] Started Forward Password Requests to Wall Directory Watch.
[   63.730947] systemd[1]: Listening on udev Kernel Socket.
[[0;32m  OK  [0m] Listening on udev Kernel Socket.
[   63.963191] systemd[1]: Listening on Device-mapper event daemon FIFOs.
[[0;32m  OK  [0m] Listening on Device-mapper event daemon FIFOs.
[   64.226921] systemd[1]: Started Trigger resolvconf update for networkd DNS.
[[0;32m  OK  [0m] Started Trigger resolvconf update for networkd DNS.
[   64.515319] systemd[1]: Created slice System Slice.
[[0;32m  OK  [0m] Created slice System Slice.
[   64.695012] systemd[1]: Reached target Slices.
[[0;32m  OK  [0m] Reached target Slices.
[   64.855055] systemd[1]: Created slice system-serial\x2dgetty.slice.
[[0;32m  OK  [0m] Created slice system-serial\x2dgetty.slice.
[   65.123331] systemd[1]: Mounting POSIX Message Queue File System...
         Mounting POSIX Message Queue File System...
[   65.398825] systemd[1]: Mounting Debug File System...
         Mounting Debug File System...
[   65.614841] systemd[1]: Starting Load Kernel Modules...
         Starting Load Ke[   65.771549] Loading iSCSI transport class v2.0-870.
rnel Modules...
[   65.944093] systemd[1]: Starting Uncomplicated firewall...
         [   66.136418] iscsi: registered transport (tcp)
Starting Uncomplicated firewall.[   66.342449] iscsi: registered transport (iser)
..
[   66.563117] systemd[1]: Starting Remount Root and Kernel File Systems...
         [   66.754126] EXT4-fs (sda1): re-mounted. Opts: (null)
Starting Remount Root and Kernel File Systems...
[   67.058680] systemd[1]: Starting Journal Service...
         Starting Journal Service...
[   67.258858] systemd[1]: Starting Nameserver information manager...
         Starting Nameserver information manager...
[   67.527143] systemd[1]: Starting Set console keymap...
         Starting Set console keymap...
[   67.750610] systemd[1]: Starting Create list of required static device nodes for the current kernel...
         Starting Create list of required st... nodes for the current kernel...
[   68.118681] systemd[1]: Mounting Huge Pages File System...
         Mounting Huge Pages File System...
[   68.302656] systemd[1]: Starting Monitoring of LVM2 mirrors, snapshots etc. using dmeventd or progress polling...
         Starting Monitoring of LVM2 mirrors... dmeventd or progress polling...
[   68.695571] systemd[1]: Mounted POSIX Message Queue File System.
[[0;32m  OK  [0m] Mounted POSIX Message Queue File System.
[   68.927051] systemd[1]: Mounted Debug File System.
[[0;32m  OK  [0m] Mounted Debug File System.
[   69.130904] systemd[1]: Mounted Huge Pages File System.
[[0;32m  OK  [0m] Mounted Huge Pages File System.
[   69.332060] systemd[1]: Started Journal Service.
[[0;32m  OK  [0m] Started Journal Service.
[[0;32m  OK  [0m] Started Load Kernel Modules.
[[0;32m  OK  [0m] Started Uncomplicated firewall.
[[0;32m  OK  [0m] Started Remount Root and Kernel File Systems.
[[0;32m  OK  [0m] Started Set console keymap.
[[0;32m  OK  [0m] Started Create list of required sta...ce nodes for the current kernel.
[[0;32m  OK  [0m] Started Nameserver information manager.
[[0;32m  OK  [0m] Started LVM2 metadata daemon.
         Starting Create Static Device Nodes in /dev...
         Starting Load/Save Random Seed...
         Starting Initial cloud-init job (pre-networking)...
         Starting udev Coldplug all Devices...
         Mounting FUSE Control File System...
         Starting Apply Kernel Variables...
         Starting Flush Journal to Persistent Storage...
[[0;32m  OK  [0m] Mounted FUSE Control File System.
[[0;32m  OK  [0m] Started Monitoring of LVM2 mirrors,...ng dmeventd or progress polling.
[[0;32m  OK  [0m] Started Create Static Device Nodes in /dev.
[[0;32m  OK  [0m] Started Load/Save Random Seed.
[[0;32m  OK  [0m] Started Apply Kernel Variables.
[[0;32m  OK  [0m] Started udev Coldplug all Devices.
[[0;32m  OK  [0m] Started Flush Journal to Persistent Storage.
[   40.753814] cloud-init[454]: Cloud-init v. 0.7.9 running 'init-local' at Wed, 27 Sep 2017 21:52:40 +0000. Up 40.55 seconds.
[[0;32m  OK  [0m] Started Initial cloud-init job (pre-networking).
[[0;32m  OK  [0m] Reached target Network (Pre).
         Starting udev Kernel Device Manager...
[[0;32m  OK  [0m] Started udev Kernel Device Manager.
[[0;32m  OK  [0m] Reached target Local File Systems (Pre).
[[0;32m  OK  [0m] Reached target Local File Systems.
         Starting Tell Plymouth To Write Out Runtime Data...
         Starting LSB: AppArmor initialization...
         Starting Set console font and keymap...
         Starting Create Volatile Files and Directories...
[[0;32m  OK  [0m] Started Dispatch Password Requests to Console Directory Watch.
[[0;32m  OK  [0m] Started Tell Plymouth To Write Out Runtime Data.
[[0;32m  OK  [0m] Started Set console font and keymap.
[[0;32m  OK  [0m] Started Create Volatile Files and Directories.
[[0;32m  OK  [0m] Found device /dev/ttyS0.
[[0;32m  OK  [0m] Listening on Load/Save RF Kill Switch Status /dev/rfkill Watch.
[[0;32m  OK  [0m] Reached target System Time Synchronized.
         Starting Update UTMP about System Boot/Shutdown...
[[0;32m  OK  [0m] Created slice system-getty.slice.
[[0;32m  OK  [0m] Started LSB: AppArmor initialization.
         Starting Raise network interfaces...
[[0;32m  OK  [0m] Started ifup for enp0s3.
[[0;32m  OK  [0m] Started Update UTMP about System Boot/Shutdown.
[[0;32m  OK  [0m] Started Raise network interfaces.
[[0;32m  OK  [0m] Reached target Network.
         Starting Initial cloud-init job (metadata service crawler)...
[   44.926585] cloud-init[969]: Cloud-init v. 0.7.9 running 'init' at Wed, 27 Sep 2017 21:52:44 +0000. Up 44.67 seconds.
[   45.064827] cloud-init[969]: ci-info: +++++++++++++++++++++++++++++++++++++Net device info++++++++++++++++++++++++++++++++++++++
[   45.065225] cloud-init[969]: ci-info: +--------+------+----------------------------+---------------+-------+-------------------+
[[0;32m  OK  [0m] Started Initial cloud-init job (metadata service crawler).
[   45.065464] cloud-init[969]: ci-info: | Device |  Up  |          Address           |      Mask     | Scope |     Hw-Address    |
[   45.568821] cloud-init[969]: ci-info: +--------+------+----------------------------+---------------+-------+-------------------+
[   45.569433] cloud-init[969]: ci-info: |   lo   | True |         127.0.0.1          |   255.0.0.0   |   .   |         .         |
[[0;32m  OK  [0m] Reached target System Initialization.
[   45.569748] cloud-init[969]: ci-info: |   lo   | True |          ::1/128           |       .       |  host |         .         |
[   46.013004] cloud-init[969]: ci-info: | enp0s3 | True |         10.0.2.15          | 255.255.255.0 |   .   | 02:a4:a0:f1:db:6e |
[   46.013419] cloud-init[969]: ci-info: | enp0s3 | True | fe80::a4:a0ff:fef1:db6e/64 |       .       |  link | 02:a4:a0:f1:db:6e |
         Starting Socket activation for snappy daemon.
[   46.013558] cloud-init[969]: ci-info: +--------+------+----------------------------+---------------+-------+-------------------+
[   46.512489] cloud-init[969]: ci-info: +++++++++++++++++++++++++++Route IPv4 info++++++++++++++++++++++++++++
[   46.513060] cloud-init[969]: ci-info: +-------+-------------+----------+---------------+-----------+-------+
[[0;32m  OK  [0m] Started Timer to automatically fetch and run repair assertions.
[[   46.513220] cloud-init[969]: ci-info: | Route | Destination | Gateway  |    Genmask    | Interface | Flags |
[   46.796658] cloud-init[969]: ci-info: +-------+-------------+----------+---------------+-----------+-------+
[0;32m  OK  [0m] Started Timer to automatically refresh installed snaps.
[   46.796779] cloud-init[969]: ci-info: |   0   |   0.0.0.0   | 10.0.2.2 |    0.0.0.0    |   enp0s3  |   UG  |
[   47.230936] cloud-init[969]: ci-info: |   1   |   10.0.2.0  | 0.0.0.0  | 255.255.255.0 |   enp0s3  |   U   |
[   47.231536] cloud-init[969]: ci-info: +-------+-------------+----------+---------------+-----------+-------+
[[0;32m  OK  [0m] Started ACPI Events Check.
[[0;32m  OK  [0m] Reached target Paths.
[[0;32m  OK  [0m] Listening on UUID daemon activation socket.
[[0;32m  OK  [0m] Started Daily Cleanup of Temporary Directories.
[[0;32m  OK  [0m] Listening on ACPID Listen Socket.
         Starting LXD - unix socket.
[[0;32m  OK  [0m] Listening on D-Bus System Message Bus Socket.
[[0;32m  OK  [0m] Reached target Network is Online.
         Starting iSCSI initiator daemon (iscsid)...
[[0;32m  OK  [0m] Started Daily apt download activities.
[[0;32m  OK  [0m] Started Daily apt upgrade and clean activities.
[[0;32m  OK  [0m] Reached target Timers.
[[0;32m  OK  [0m] Reached target Cloud-config availability.
[[0;32m  OK  [0m] Listening on Socket activation for snappy daemon.
[[0;32m  OK  [0m] Listening on LXD - unix socket.
[[0;32m  OK  [0m] Reached target Sockets.
[[0;32m  OK  [0m] Reached target Basic System.
[[0;32m  OK  [0m] Started Unattended Upgrades Shutdown.
[[0;32m  OK  [0m] Started FUSE filesystem for LXC.
[[0;32m  OK  [0m] Started ACPI event daemon.
         Starting /etc/rc.local Compatibility...
[[0;32m  OK  [0m] Started Deferred execution scheduler.
         Starting OpenBSD Secure Shell server...
         Starting Login Service...
         Starting LSB: Record successful boot for GRUB...
[[0;32m  OK  [0m] Started D-Bus System Message Bus.
         Starting LSB: MD monitoring daemon...
         Starting Accounts Service...
         Starting System Logging Service...
         Starting LXD - container startup/shutdown...
[[0;32m  OK  [0m] Started Regular background program processing daemon.
         Starting Snappy daemon...
         Starting Apply the settings specified in cloud-config...
[[0;32m  OK  [0m] Started OpenBSD Secure Shell server.
[[0;32m  OK  [0m] Started System Logging Service.
[[0;32m  OK  [0m] Started Snappy daemon.
[[0;32m  OK  [0m] Started iSCSI initiator daemon (iscsid).
[[0;32m  OK  [0m] Started /etc/rc.local Compatibility.
[[0;32m  OK  [0m] Started LXD - container startup/shutdown.
[[0;32m  OK  [0m] Started Apply the settings specified in cloud-config.
[   49.735775] cloud-init[1079]: Cloud-init v. 0.7.9 running 'modules:config' at Wed, 27 Sep 2017 21:52:49 +0000. Up 49.64 seconds.
[[0;32m  OK  [0m] Started LSB: Record successful boot for GRUB.
[[0;32m  OK  [0m] Started LSB: MD monitoring daemon.
[[0;32m  OK  [0m] Started Login Service.
         Starting Authenticate and Authorize Users to Run Privileged Tasks...
         Starting Login to default iSCSI targets...
         Starting Auto import assertions from block devices...
[[0;32m  OK  [0m] Started Auto import assertions from block devices.
[[0;32m  OK  [0m] Started Authenticate and Authorize Users to Run Privileged Tasks.
[[0;32m  OK  [0m] Started Accounts Service.
[[0;32m  OK  [0m] Started Login to default iSCSI targets.
[[0;32m  OK  [0m] Reached target Remote File Systems (Pre).
[[0;32m  OK  [0m] Reached target Remote File Systems.
         Starting LSB: automatic crash report generation...
         Starting LSB: Set the CPU Frequency Scaling governor to "ondemand"...
         Starting LSB: daemon to balance interrupts for SMP systems...
         Starting LSB: VirtualBox Linux Additions...
         Starting Permit User Sessions...
[[0;32m  OK  [0m] Started Permit User Sessions.
[[0;32m  OK  [0m] Started LSB: Set the CPU Frequency Scaling governor to "ondemand".
[[0;32m  OK  [0m] Started LSB: automatic crash report generation.
[[0;32m  OK  [0m] Started LSB: daemon to balance interrupts for SMP systems.
[[0;32m  OK  [0m] Created slice User Slice of ubuntu.
         Starting User Manager for UID 1000...
[[0;32m  OK  [0m] Started Session 1 of user ubuntu.
         Starting Terminate Plymouth Boot Screen...
         Starting Hold until boot process finishes up...
[[0;32m  OK  [0m] Started User Manager for UID 1000.
[[0;32m  OK  [0m] Started LSB: VirtualBox Linux Additions.
[[0;32m  OK  [0m] Started Terminate Plymouth Boot Screen.
[[0;32m  OK  [0m] Started Hold until boot process finishes up.
         Starting Set console scheme...
[[0;32m  OK  [0m] Started Getty on tty1.
[[0;32m  OK  [0m] Started Serial Getty on ttyS0.
[[0;32m  OK  [0m] Reached target Login Prompts.
[[0;32m  OK  [0m] Reached target Multi-User System.
         Starting Execute cloud user/final scripts...
[[0;32m  OK  [0m] Reached target Graphical Interface.
         Starting Update UTMP about System Runlevel Changes...
[[0;32m  OK  [0m] Started Set console scheme.
[[0;32m  OK  [0m] Started Update UTMP about System Runlevel Changes.
[   52.556492] cloud-init[1227]: Cloud-init v. 0.7.9 running 'modules:final' at Wed, 27 Sep 2017 21:52:51 +0000. Up 52.44 seconds.
[   52.717067] [cloud-init[0;32m  OK  [0m[1227]: ] Cloud-init v. 0.7.9 finished at Wed, 27 Sep 2017 21:52:52 +0000. Datasource DataSourceNoCloud [seed=/dev/sdb][dsmode=net].  Up 52.55 secondsStarted Execute cloud user/final scripts.

[[0;32m  OK  [0m] Reached target Cloud-init target.

Ubuntu 16.04.3 LTS ubuntu-xenial ttyS0

ubuntu-xenial login: 